<?xml version="1.0" encoding="UTF-8"?>
<robot generator="Robot 7.2.2 (Python 3.13.2 on win32)" generated="2025-03-19T17:11:21.654339" rpa="false" schemaversion="5">
<suite id="s1" name="Test" source="c:\Users\andre\Downloads\Projetos\RobotFramework\PrimeiroTeste\meu_projeto_robot\test.robot">
<test id="s1-t1" name="Teste 1 Abrir o Google e pesquisar" line="12">
<kw name="Open Browser" owner="SeleniumLibrary">
<msg time="2025-03-19T17:11:22.173956" level="INFO">Opening browser 'chrome' to base url 'https://www.google.com'.</msg>
<arg>${URL}</arg>
<arg>${BROWSER}</arg>
<doc>Opens a new browser instance to the optional ``url``.</doc>
<status status="PASS" start="2025-03-19T17:11:22.173514" elapsed="3.116398"/>
</kw>
<kw name="Input Text" owner="SeleniumLibrary">
<msg time="2025-03-19T17:11:25.292013" level="INFO">Typing text 'Robot Framework' into text field 'name=q'.</msg>
<arg>name=q</arg>
<arg>Robot Framework</arg>
<doc>Types the given ``text`` into the text field identified by ``locator``.</doc>
<status status="PASS" start="2025-03-19T17:11:25.291031" elapsed="0.255280"/>
</kw>
<kw name="Press Keys" owner="SeleniumLibrary">
<msg time="2025-03-19T17:11:25.547858" level="INFO">Sending key(s) ('ENTER',) to name=q element.</msg>
<msg time="2025-03-19T17:11:25.844483" level="INFO">Pressing special key ENTER to element.</msg>
<msg time="2025-03-19T17:11:25.844805" level="INFO">Releasing special key ENTER.</msg>
<arg>name=q</arg>
<arg>ENTER</arg>
<doc>Simulates the user pressing key(s) to an element or on the active browser.</doc>
<status status="PASS" start="2025-03-19T17:11:25.547169" elapsed="0.311196"/>
</kw>
<kw name="Sleep" owner="BuiltIn">
<msg time="2025-03-19T17:11:35.859994" level="INFO">Slept 10 seconds.</msg>
<arg>10s</arg>
<doc>Pauses the test executed for the given time.</doc>
<status status="PASS" start="2025-03-19T17:11:25.859048" elapsed="10.001386"/>
</kw>
<kw name="Wait Until Page Contains" owner="SeleniumLibrary">
<msg time="2025-03-19T17:11:40.992395" level="INFO" html="true">&lt;/td&gt;&lt;/tr&gt;&lt;tr&gt;&lt;td colspan="3"&gt;&lt;a href="selenium-screenshot-4.png"&gt;&lt;img src="selenium-screenshot-4.png" width="800px"&gt;&lt;/a&gt;</msg>
<msg time="2025-03-19T17:11:40.992920" level="FAIL">Text 'Robot Framework' did not appear in 5 seconds.</msg>
<arg>Robot Framework</arg>
<doc>Waits until ``text`` appears on the current page.</doc>
<status status="FAIL" start="2025-03-19T17:11:35.861417" elapsed="5.135478">Text 'Robot Framework' did not appear in 5 seconds.</status>
</kw>
<kw name="Capture Page Screenshot" owner="SeleniumLibrary">
<doc>Takes a screenshot of the current page and embeds it into a log file.</doc>
<status status="NOT RUN" start="2025-03-19T17:11:40.997675" elapsed="0.000163"/>
</kw>
<kw name="Close Browser" owner="SeleniumLibrary">
<doc>Closes the current browser.</doc>
<status status="NOT RUN" start="2025-03-19T17:11:40.998302" elapsed="0.000098"/>
</kw>
<kw name="Run Keyword If Test Failed" owner="BuiltIn" type="TEARDOWN">
<kw name="Executar Teste 2">
<kw name="Open Browser" owner="SeleniumLibrary">
<msg time="2025-03-19T17:11:41.000550" level="INFO">Opening browser 'Firefox' to base url 'https://www.google.com'.</msg>
<arg>${URL}</arg>
<arg>${FIREFOX}</arg>
<doc>Opens a new browser instance to the optional ``url``.</doc>
<status status="PASS" start="2025-03-19T17:11:41.000237" elapsed="8.856113"/>
</kw>
<kw name="Input Text" owner="SeleniumLibrary">
<msg time="2025-03-19T17:11:49.857036" level="INFO">Typing text 'Robot Framework' into text field 'name=q'.</msg>
<arg>name=q</arg>
<arg>Robot Framework</arg>
<doc>Types the given ``text`` into the text field identified by ``locator``.</doc>
<status status="PASS" start="2025-03-19T17:11:49.856719" elapsed="0.280086"/>
</kw>
<kw name="Press Keys" owner="SeleniumLibrary">
<msg time="2025-03-19T17:11:50.137860" level="INFO">Sending key(s) ('ENTER',) to name=q element.</msg>
<msg time="2025-03-19T17:11:50.450828" level="INFO">Pressing special key ENTER to element.</msg>
<msg time="2025-03-19T17:11:50.451127" level="INFO">Releasing special key ENTER.</msg>
<arg>name=q</arg>
<arg>ENTER</arg>
<doc>Simulates the user pressing key(s) to an element or on the active browser.</doc>
<status status="PASS" start="2025-03-19T17:11:50.137218" elapsed="0.349893"/>
</kw>
<kw name="Sleep" owner="BuiltIn">
<msg time="2025-03-19T17:12:05.488392" level="INFO">Slept 15 seconds.</msg>
<arg>15s</arg>
<doc>Pauses the test executed for the given time.</doc>
<status status="PASS" start="2025-03-19T17:11:50.487657" elapsed="15.001137"/>
</kw>
<kw name="Wait Until Page Contains" owner="SeleniumLibrary">
<arg>Robot Framework</arg>
<doc>Waits until ``text`` appears on the current page.</doc>
<status status="PASS" start="2025-03-19T17:12:05.489093" elapsed="0.034157"/>
</kw>
<kw name="Capture Page Screenshot" owner="SeleniumLibrary">
<msg time="2025-03-19T17:12:05.652403" level="INFO" html="true">&lt;/td&gt;&lt;/tr&gt;&lt;tr&gt;&lt;td colspan="3"&gt;&lt;a href="selenium-screenshot-5.png"&gt;&lt;img src="selenium-screenshot-5.png" width="800px"&gt;&lt;/a&gt;</msg>
<doc>Takes a screenshot of the current page and embeds it into a log file.</doc>
<status status="PASS" start="2025-03-19T17:12:05.523639" elapsed="0.129232"/>
</kw>
<kw name="Close Browser" owner="SeleniumLibrary">
<doc>Closes the current browser.</doc>
<status status="PASS" start="2025-03-19T17:12:05.653264" elapsed="3.209561"/>
</kw>
<doc>Este teste abre o Firefox somente se o primeiro teste falhar , pesquisa "Robot Framework"
verifica o resultado e sai da página.</doc>
<status status="PASS" start="2025-03-19T17:11:40.999752" elapsed="27.863382"/>
</kw>
<arg>Executar Teste 2</arg>
<doc>Runs the given keyword with the given arguments, if the test failed.</doc>
<status status="PASS" start="2025-03-19T17:11:40.999095" elapsed="27.864224"/>
</kw>
<doc>Este teste abre o Google, pesquisa "Robot Framework"
verifica o resultado e sai da página.</doc>
<status status="FAIL" start="2025-03-19T17:11:22.171900" elapsed="46.692185">Text 'Robot Framework' did not appear in 5 seconds.</status>
</test>
<status status="FAIL" start="2025-03-19T17:11:21.660627" elapsed="47.206350"/>
</suite>
<statistics>
<total>
<stat pass="0" fail="1" skip="0">All Tests</stat>
</total>
<tag>
</tag>
<suite>
<stat name="Test" id="s1" pass="0" fail="1" skip="0">Test</stat>
</suite>
</statistics>
<errors>
</errors>
</robot>
